<?xml version="1.0" encoding="UTF-8"?>
<!-- Generated by org.testng.reporters.JUnitReportReporter -->
<testsuite skipped="0" hostname="Chakshay" name="com.qa.hs.keyword.test.LoginTest" tests="1" failures="0" timestamp="08 Jun 2019 18:45:22 GMT" time="34.625" errors="0">
  <testcase name="loginTest" time="34.625" classname="com.qa.hs.keyword.test.LoginTest"/>
</testsuite> <!-- com.qa.hs.keyword.test.LoginTest -->
